0 verbose cli C:\Program Files\nodejs\node.exe C:\Program Files\nodejs\node_modules\npm\bin\npm-cli.js
1 info using npm@11.6.2
2 info using node@v24.13.0
3 silly config load:file:C:\Program Files\nodejs\node_modules\npm\npmrc
4 info config found workspace root at C:\Users\DEV\Desktop\lucid-ai-monorepo
5 silly config load:file:C:\Users\DEV\Desktop\lucid-ai-monorepo\.npmrc
6 silly config load:file:C:\Users\DEV\.npmrc
7 silly config load:file:C:\Users\DEV\AppData\Roaming\npm\etc\npmrc
8 verbose title npm run dev
9 verbose argv "run" "dev"
10 verbose logfile logs-max:10 dir:C:\Users\DEV\Desktop\lucid-ai-monorepo\apps\web\.npm-cache\_logs\2026-07-18T19_18_33_291Z-
11 verbose logfile C:\Users\DEV\Desktop\lucid-ai-monorepo\apps\web\.npm-cache\_logs\2026-07-18T19_18_33_291Z-debug-0.log
12 silly logfile done cleaning log files
13 verbose stack Error: command failed
13 verbose stack     at promiseSpawn (C:\Program Files\nodejs\node_modules\npm\node_modules\@npmcli\promise-spawn\lib\index.js:22:22)
13 verbose stack     at spawnWithShell (C:\Program Files\nodejs\node_modules\npm\node_modules\@npmcli\promise-spawn\lib\index.js:124:10)
13 verbose stack     at promiseSpawn (C:\Program Files\nodejs\node_modules\npm\node_modules\@npmcli\promise-spawn\lib\index.js:12:12)
13 verbose stack     at runScriptPkg (C:\Program Files\nodejs\node_modules\npm\node_modules\@npmcli\run-script\lib\run-script-pkg.js:79:13)
13 verbose stack     at runScript (C:\Program Files\nodejs\node_modules\npm\node_modules\@npmcli\run-script\lib\run-script.js:9:12)
13 verbose stack     at #run (C:\Program Files\nodejs\node_modules\npm\lib\commands\run.js:135:13)
13 verbose stack     at RunScript.execWorkspaces (C:\Program Files\nodejs\node_modules\npm\lib\commands\run.js:67:24)
13 verbose stack     at async Npm.exec (C:\Program Files\nodejs\node_modules\npm\lib\npm.js:208:9)
13 verbose stack     at async module.exports (C:\Program Files\nodejs\node_modules\npm\lib\cli\entry.js:67:5)
14 verbose pkgid lucid-ai-admin@1.0.0
15 error Lifecycle script `dev` failed with error:
16 error code 1
17 error path C:\Users\DEV\Desktop\lucid-ai-monorepo\apps\web
18 error workspace lucid-ai-admin@1.0.0
19 error location C:\Users\DEV\Desktop\lucid-ai-monorepo\apps\web
20 error command failed
21 error command C:\Windows\system32\cmd.exe /d /s /c next dev
22 verbose cwd C:\Users\DEV\Desktop\lucid-ai-monorepo\apps\web
23 verbose os Windows_NT 10.0.26200
24 verbose node v24.13.0
25 verbose npm  v11.6.2
26 verbose exit 1
27 verbose code 1
